<?xml version="1.0" encoding="utf-8"?>
<test-run id="2" name="TradeMeAPITests.dll" fullname="C:/Users/ewood/source/repos/TradeMeAPITests/TradeMeAPITests/bin/Debug/netcoreapp3.1/TradeMeAPITests.dll" testcasecount="4" result="Passed" start-time="2020-04-24 23:57:38Z" end-time="2020-04-24 23:57:47Z" duration="9.358244" total="4" passed="4" failed="0" inconclusive="0" skipped="0" asserts="2" random-seed="903987969">
  <command-line><![CDATA[C:\Users\ewood\source\repos\TradeMeAPITests\TradeMeAPITests\bin\Debug\netcoreapp3.1\TradeMeAPITests.dll]]></command-line>
  <filter />
  <test-suite type="Assembly" id="1005" name="TradeMeAPITests.dll" fullname="C:/Users/ewood/source/repos/TradeMeAPITests/TradeMeAPITests/bin/Debug/netcoreapp3.1/TradeMeAPITests.dll" runstate="Runnable" testcasecount="4" result="Passed" start-time="2020-04-24 23:57:38Z" end-time="2020-04-24 23:57:47Z" duration="9.358244" total="4" passed="4" failed="0" warnings="0" inconclusive="0" skipped="0" asserts="2">
    <environment framework-version="3.12.0.0" clr-version="3.1.3" os-version="Microsoft Windows 10.0.18362" platform="Win32NT" cwd="C:\Users\ewood\source\repos\TradeMeAPITests\TradeMeAPITests\bin\Debug\netcoreapp3.1" machine-name="NZ8-11407" user="ewood" user-domain="NZ" culture="en-NZ" uiculture="en-GB" os-architecture="x64" />
    <settings>
      <setting name="WorkDirectory" value="C:\Users\ewood\source\repos\TradeMeAPITests\TradeMeAPITests\bin\Debug\netcoreapp3.1" />
      <setting name="NumberOfTestWorkers" value="8" />
    </settings>
    <properties>
      <property name="_PID" value="13640" />
      <property name="_APPDOMAIN" value="TradeMeAPITests" />
    </properties>
    <test-suite type="TestSuite" id="1006" name="TradeMeAPITests" fullname="TradeMeAPITests" runstate="Runnable" testcasecount="4" result="Passed" start-time="2020-04-24 23:57:38Z" end-time="2020-04-24 23:57:47Z" duration="9.343228" total="4" passed="4" failed="0" warnings="0" inconclusive="0" skipped="0" asserts="2">
      <test-suite type="TestFixture" id="1000" name="UsedCars" fullname="TradeMeAPITests.UsedCars" classname="TradeMeAPITests.UsedCars" runstate="Runnable" testcasecount="4" result="Passed" start-time="2020-04-24 23:57:38Z" end-time="2020-04-24 23:57:47Z" duration="9.337206" total="4" passed="4" failed="0" warnings="0" inconclusive="0" skipped="0" asserts="2">
        <test-case id="1003" name="GetCarCountForBrand" fullname="TradeMeAPITests.UsedCars.GetCarCountForBrand" methodname="GetCarCountForBrand" classname="TradeMeAPITests.UsedCars" runstate="Runnable" seed="129790228" result="Passed" start-time="2020-04-24 23:57:38Z" end-time="2020-04-24 23:57:39Z" duration="0.959897" asserts="0" />
        <test-case id="1001" name="GetMakeCount" fullname="TradeMeAPITests.UsedCars.GetMakeCount" methodname="GetMakeCount" classname="TradeMeAPITests.UsedCars" runstate="Runnable" seed="196437088" result="Passed" start-time="2020-04-24 23:57:39Z" end-time="2020-04-24 23:57:39Z" duration="0.134398" asserts="0" />
        <test-case id="1004" name="VerifyMakeDoesntExist" fullname="TradeMeAPITests.UsedCars.VerifyMakeDoesntExist" methodname="VerifyMakeDoesntExist" classname="TradeMeAPITests.UsedCars" runstate="Runnable" seed="1299548634" result="Passed" start-time="2020-04-24 23:57:39Z" end-time="2020-04-24 23:57:40Z" duration="0.147901" asserts="1" />
        <test-case id="1002" name="VerifyMakeExists" fullname="TradeMeAPITests.UsedCars.VerifyMakeExists" methodname="VerifyMakeExists" classname="TradeMeAPITests.UsedCars" runstate="Runnable" seed="1305486273" result="Passed" start-time="2020-04-24 23:57:40Z" end-time="2020-04-24 23:57:40Z" duration="0.157519" asserts="1" />
      </test-suite>
    </test-suite>
  </test-suite>
</test-run>